0 info it worked if it ends with ok
1 verbose cli [ '/usr/bin/node', '/usr/bin/npm', 'install', '-g', 'pm2' ]
2 info using npm@2.1.7
3 info using node@v0.10.33
4 silly cache add args [ 'pm2', null ]
5 verbose cache add spec pm2
6 silly cache add parsed spec { raw: 'pm2',
6 silly cache add   scope: null,
6 silly cache add   name: 'pm2',
6 silly cache add   rawSpec: '',
6 silly cache add   spec: '*',
6 silly cache add   type: 'range' }
7 verbose addNamed pm2@*
8 silly addNamed semver.valid null
9 silly addNamed semver.validRange *
10 silly addNameRange { name: 'pm2', range: '*', hasData: false }
11 silly mapToRegistry name pm2
12 silly mapToRegistry using default registry
13 silly mapToRegistry registry https://registry.npmjs.org/
14 silly mapToRegistry uri https://registry.npmjs.org/pm2
15 verbose addNameRange registry:https://registry.npmjs.org/pm2 not in flight; fetching
16 verbose request uri https://registry.npmjs.org/pm2
17 verbose request no auth needed
18 info attempt registry request try #1 at 21:47:40
19 verbose request id 5a196a210443094f
20 http request GET https://registry.npmjs.org/pm2
21 http 200 https://registry.npmjs.org/pm2
22 silly get cb [ 200,
22 silly get   { date: 'Sun, 02 Nov 2014 01:47:41 GMT',
22 silly get     server: 'CouchDB/1.5.0 (Erlang OTP/R16B03)',
22 silly get     etag: '"Q7IX1X480H1Y62NBBTZ01REQ"',
22 silly get     'content-type': 'application/json',
22 silly get     'cache-control': 'max-age=60',
22 silly get     'content-length': '249417',
22 silly get     'accept-ranges': 'bytes',
22 silly get     via: '1.1 varnish',
22 silly get     age: '0',
22 silly get     'x-served-by': 'cache-ord1724-ORD',
22 silly get     'x-cache': 'HIT',
22 silly get     'x-cache-hits': '1',
22 silly get     'x-timer': 'S1414892860.821810,VS0,VE269',
22 silly get     vary: 'Accept',
22 silly get     'keep-alive': 'timeout=10, max=50',
22 silly get     connection: 'Keep-Alive' } ]
23 silly addNameRange number 2 { name: 'pm2', range: '*', hasData: true }
24 silly addNameRange versions [ 'pm2',
24 silly addNameRange   [ '0.4.0',
24 silly addNameRange     '0.4.1',
24 silly addNameRange     '0.4.2',
24 silly addNameRange     '0.4.3',
24 silly addNameRange     '0.4.4',
24 silly addNameRange     '0.4.5',
24 silly addNameRange     '0.4.6',
24 silly addNameRange     '0.4.7',
24 silly addNameRange     '0.4.8',
24 silly addNameRange     '0.4.10',
24 silly addNameRange     '0.4.11',
24 silly addNameRange     '0.4.12',
24 silly addNameRange     '0.4.13',
24 silly addNameRange     '0.4.14',
24 silly addNameRange     '0.5.0',
24 silly addNameRange     '0.5.1',
24 silly addNameRange     '0.5.2',
24 silly addNameRange     '0.5.3',
24 silly addNameRange     '0.5.4',
24 silly addNameRange     '0.5.5',
24 silly addNameRange     '0.5.6',
24 silly addNameRange     '0.5.7',
24 silly addNameRange     '0.6.2',
24 silly addNameRange     '0.6.3',
24 silly addNameRange     '0.6.4',
24 silly addNameRange     '0.6.5',
24 silly addNameRange     '0.6.6',
24 silly addNameRange     '0.6.7',
24 silly addNameRange     '0.6.8',
24 silly addNameRange     '0.6.9',
24 silly addNameRange     '0.6.10',
24 silly addNameRange     '0.6.11',
24 silly addNameRange     '0.6.12',
24 silly addNameRange     '0.6.13',
24 silly addNameRange     '0.6.14',
24 silly addNameRange     '0.6.15',
24 silly addNameRange     '0.7.0',
24 silly addNameRange     '0.7.1',
24 silly addNameRange     '0.7.2',
24 silly addNameRange     '0.7.3',
24 silly addNameRange     '0.7.4',
24 silly addNameRange     '0.7.5',
24 silly addNameRange     '0.7.6',
24 silly addNameRange     '0.7.7',
24 silly addNameRange     '0.7.8',
24 silly addNameRange     '0.8.0',
24 silly addNameRange     '0.8.1',
24 silly addNameRange     '0.8.2',
24 silly addNameRange     '0.8.3',
24 silly addNameRange     '0.8.4',
24 silly addNameRange     '0.8.5',
24 silly addNameRange     '0.8.6',
24 silly addNameRange     '0.8.7',
24 silly addNameRange     '0.8.8',
24 silly addNameRange     '0.8.9',
24 silly addNameRange     '0.8.10',
24 silly addNameRange     '0.8.11',
24 silly addNameRange     '0.8.12',
24 silly addNameRange     '0.8.13',
24 silly addNameRange     '0.8.14',
24 silly addNameRange     '0.8.15',
24 silly addNameRange     '0.9.0',
24 silly addNameRange     '0.9.1',
24 silly addNameRange     '0.9.2',
24 silly addNameRange     '0.9.3',
24 silly addNameRange     '0.9.4',
24 silly addNameRange     '0.9.5',
24 silly addNameRange     '0.9.6',
24 silly addNameRange     '0.10.0-beta1',
24 silly addNameRange     '0.10.0-beta2',
24 silly addNameRange     '0.10.0-beta4',
24 silly addNameRange     '0.10.0-beta5',
24 silly addNameRange     '0.10.0-beta6',
24 silly addNameRange     '0.10.0-beta7',
24 silly addNameRange     '0.10.0-beta8',
24 silly addNameRange     '0.10.0-beta9',
24 silly addNameRange     '0.10.0-beta10',
24 silly addNameRange     '0.10.0-beta11',
24 silly addNameRange     '0.10.0-beta12',
24 silly addNameRange     '0.10.0-beta13',
24 silly addNameRange     '0.10.0-beta14',
24 silly addNameRange     '0.10.0-beta15',
24 silly addNameRange     '0.10.0-beta16',
24 silly addNameRange     '0.10.0-beta17',
24 silly addNameRange     '0.10.0-beta18',
24 silly addNameRange     '0.10.0-beta19',
24 silly addNameRange     '0.10.0-beta20',
24 silly addNameRange     '0.10.0-beta21',
24 silly addNameRange     '0.10.0-beta22',
24 silly addNameRange     '0.10.0-beta23',
24 silly addNameRange     '0.10.0-beta25',
24 silly addNameRange     '0.10.0',
24 silly addNameRange     '0.10.1',
24 silly addNameRange     '0.10.2',
24 silly addNameRange     '0.10.3',
24 silly addNameRange     '0.10.4',
24 silly addNameRange     '0.10.5',
24 silly addNameRange     '0.10.6',
24 silly addNameRange     '0.10.7',
24 silly addNameRange     '0.10.8',
24 silly addNameRange     '0.11.0-beta1',
24 silly addNameRange     '0.11.0',
24 silly addNameRange     '0.11.1' ] ]
25 verbose addNamed pm2@0.11.1
26 silly addNamed semver.valid 0.11.1
27 silly addNamed semver.validRange 0.11.1
28 silly mapToRegistry name pm2
29 silly mapToRegistry using default registry
30 silly mapToRegistry registry https://registry.npmjs.org/
31 silly mapToRegistry uri https://registry.npmjs.org/pm2
32 verbose addRemoteTarball https://registry.npmjs.org/pm2/-/pm2-0.11.1.tgz not in flight; adding
33 verbose addRemoteTarball [ 'https://registry.npmjs.org/pm2/-/pm2-0.11.1.tgz',
33 verbose addRemoteTarball   '700dd114d65b1076e5948f9ff6cef37fa0428c48' ]
34 info retry fetch attempt 1 at 21:47:41
35 info attempt registry request try #1 at 21:47:41
36 http fetch GET https://registry.npmjs.org/pm2/-/pm2-0.11.1.tgz
37 http fetch 200 https://registry.npmjs.org/pm2/-/pm2-0.11.1.tgz
38 silly fetchAndShaCheck shasum 700dd114d65b1076e5948f9ff6cef37fa0428c48
39 verbose addTmpTarball /tmp/npm-23063-bae1ca69/registry.npmjs.org/pm2/-/pm2-0.11.1.tgz not in flight; adding
40 verbose addTmpTarball already have metadata; skipping unpack for pm2@0.11.1
41 silly cache afterAdd pm2@0.11.1
42 verbose afterAdd /home/sean/.npm/pm2/0.11.1/package/package.json not in flight; writing
43 verbose afterAdd /home/sean/.npm/pm2/0.11.1/package/package.json written
44 silly install resolved [ { name: 'pm2',
44 silly install resolved     preferGlobal: 'true',
44 silly install resolved     version: '0.11.1',
44 silly install resolved     os: [ '!win32' ],
44 silly install resolved     engines: { node: '>=0.10' },
44 silly install resolved     directories: { bin: './bin', lib: './lib', example: './examples' },
44 silly install resolved     author:
44 silly install resolved      { name: 'Strzelewicz Alexandre',
44 silly install resolved        email: 'as@unitech.io',
44 silly install resolved        url: 'http://pm2.io' },
44 silly install resolved     maintainers: [ [Object] ],
44 silly install resolved     contributors:
44 silly install resolved      [ [Object],
44 silly install resolved        [Object],
44 silly install resolved        [Object],
44 silly install resolved        [Object],
44 silly install resolved        [Object],
44 silly install resolved        [Object],
44 silly install resolved        [Object],
44 silly install resolved        [Object],
44 silly install resolved        [Object],
44 silly install resolved        [Object] ],
44 silly install resolved     homepage: 'https://github.com/Unitech/pm2',
44 silly install resolved     description: 'Modern CLI process manager for Node apps with a builtin load-balancer. Perfectly designed for microservices architecture.',
44 silly install resolved     main: 'index.js',
44 silly install resolved     scripts:
44 silly install resolved      { test: 'NODE_ENV=test bash test/index.sh && NODE_ENV=test bash test/main.sh',
44 silly install resolved        preinstall: 'bash ./scripts/preinstall.sh',
44 silly install resolved        postinstall: 'bash ./scripts/postinstall.sh' },
44 silly install resolved     keywords:
44 silly install resolved      [ 'cli',
44 silly install resolved        'fault tolerant',
44 silly install resolved        'sysadmin',
44 silly install resolved        'tools',
44 silly install resolved        'pm2',
44 silly install resolved        'logs',
44 silly install resolved        'log',
44 silly install resolved        'json',
44 silly install resolved        'express',
44 silly install resolved        'hapi',
44 silly install resolved        'kraken',
44 silly install resolved        'reload',
44 silly install resolved        'microservice',
44 silly install resolved        'programmatic',
44 silly install resolved        'harmony',
44 silly install resolved        'node-pm2',
44 silly install resolved        'production',
44 silly install resolved        'keymetrics',
44 silly install resolved        'deploy',
44 silly install resolved        'deployment',
44 silly install resolved        'daemon',
44 silly install resolved        'supervisor',
44 silly install resolved        'nodemon',
44 silly install resolved        'pm2.io',
44 silly install resolved        'ghost',
44 silly install resolved        'ghost production',
44 silly install resolved        'monitoring',
44 silly install resolved        'process manager',
44 silly install resolved        'forever',
44 silly install resolved        'forever-monitor',
44 silly install resolved        'keep process alive',
44 silly install resolved        'process configuration',
44 silly install resolved        'clustering',
44 silly install resolved        'cluster cli',
44 silly install resolved        'cluster',
44 silly install resolved        'cron',
44 silly install resolved        'devops',
44 silly install resolved        'dev ops' ],
44 silly install resolved     bin: { pm2: './bin/pm2' },
44 silly install resolved     dependencies:
44 silly install resolved      { async: '~0.9.0',
44 silly install resolved        chalk: '~0.5.1',
44 silly install resolved        chokidar: '0.9.0',
44 silly install resolved        'cli-table': '0.3.0',
44 silly install resolved        'coffee-script': '1.8.0',
44 silly install resolved        colors: '0.6.2',
44 silly install resolved        commander: '2.3.0',
44 silly install resolved        cron: '1.0.4',
44 silly install resolved        debug: '2.0.0',
44 silly install resolved        eventemitter2: '0.4.14',
44 silly install resolved        'json-stringify-safe': '5.0.0',
44 silly install resolved        moment: '~2.8.2',
44 silly install resolved        nssocket: '0.5.1',
44 silly install resolved        pidusage: '0.1.0',
44 silly install resolved        axm: '0.2.13',
44 silly install resolved        'pm2-axon': '2.0.7',
44 silly install resolved        'pm2-axon-rpc': '0.3.6',
44 silly install resolved        'pm2-deploy': '~0.1.0',
44 silly install resolved        'pm2-interface': '2.0.4',
44 silly install resolved        'pm2-multimeter': '0.1.2',
44 silly install resolved        'pm2-rpc-fallback': '3.0.9',
44 silly install resolved        vizionar: '^0.1.0',
44 silly install resolved        punt: '2.2.0',
44 silly install resolved        'uid-number': '0.0.5',
44 silly install resolved        'pm2-logs': '~0.1.1',
44 silly install resolved        ikt: 'git+http://ikt.pm2.io/ikt.git#master' },
44 silly install resolved     devDependencies:
44 silly install resolved      { mocha: '^1.20.1',
44 silly install resolved        should: '^4.0.0',
44 silly install resolved        'better-assert': '^1.0.0',
44 silly install resolved        'promise-spawner': '^0.0.3' },
44 silly install resolved     optionalDependencies:
44 silly install resolved      { 'pm2-logs': '~0.1.1',
44 silly install resolved        ikt: 'git+http://ikt.pm2.io/ikt.git#master' },
44 silly install resolved     bugs: { url: 'https://github.com/Unitech/pm2/issues' },
44 silly install resolved     repository: { type: 'git', url: 'git://github.com/Unitech/pm2.git' },
44 silly install resolved     license: 'AGPLv3',
44 silly install resolved     gitHead: 'ddd8290432e7d9df13980729f254ae577c44c700',
44 silly install resolved     _id: 'pm2@0.11.1',
44 silly install resolved     _shasum: '700dd114d65b1076e5948f9ff6cef37fa0428c48',
44 silly install resolved     _from: 'pm2@*',
44 silly install resolved     _npmVersion: '2.0.0',
44 silly install resolved     _npmUser: { name: 'tknew', email: 'strzelewicz.alexandre@gmail.com' },
44 silly install resolved     dist:
44 silly install resolved      { shasum: '700dd114d65b1076e5948f9ff6cef37fa0428c48',
44 silly install resolved        tarball: 'http://registry.npmjs.org/pm2/-/pm2-0.11.1.tgz' },
44 silly install resolved     _resolved: 'https://registry.npmjs.org/pm2/-/pm2-0.11.1.tgz' } ]
45 info install pm2@0.11.1 into /usr/lib
46 info installOne pm2@0.11.1
47 verbose installOne of pm2 to /usr/lib not in flight; installing
48 verbose lock using /home/sean/.npm/_locks/pm2-ce49f8be408b63c3.lock for /usr/lib/node_modules/pm2
49 silly install write writing pm2 0.11.1 to /usr/lib/node_modules/pm2
50 silly cache addNamed cb pm2@0.11.1
51 verbose unbuild lib/node_modules/pm2
52 verbose gentlyRm vacuuming /usr/lib/node_modules/pm2
53 verbose tar unpack /home/sean/.npm/pm2/0.11.1/package.tgz
54 verbose tar unpacking to /usr/lib/node_modules/pm2
55 verbose gentlyRm vacuuming /usr/lib/node_modules/pm2
56 silly gunzTarPerm modes [ '755', '644' ]
57 error tar.unpack untar error /home/sean/.npm/pm2/0.11.1/package.tgz
58 verbose unlock done using /home/sean/.npm/_locks/pm2-ce49f8be408b63c3.lock for /usr/lib/node_modules/pm2
59 verbose fstream_path /usr/lib/node_modules/pm2
60 verbose fstream_type Directory
61 verbose fstream_class DirWriter
62 verbose stack Error: EACCES, mkdir '/usr/lib/node_modules/pm2'
63 verbose fstream_stack /usr/lib/node_modules/npm/node_modules/fstream/lib/dir-writer.js:36:23
63 verbose fstream_stack /usr/lib/node_modules/npm/node_modules/mkdirp/index.js:46:53
63 verbose fstream_stack Object.oncomplete (fs.js:107:15)
64 verbose cwd /home/sean/projects/microscope
65 error Linux 3.17.1-1-ARCH
66 error argv "/usr/bin/node" "/usr/bin/npm" "install" "-g" "pm2"
67 error node v0.10.33
68 error npm  v2.1.7
69 error path /usr/lib/node_modules/pm2
70 error code EACCES
71 error errno 3
72 error Error: EACCES, mkdir '/usr/lib/node_modules/pm2'
72 error  { [Error: EACCES, mkdir '/usr/lib/node_modules/pm2']
72 error   errno: 3,
72 error   code: 'EACCES',
72 error   path: '/usr/lib/node_modules/pm2',
72 error   fstream_type: 'Directory',
72 error   fstream_path: '/usr/lib/node_modules/pm2',
72 error   fstream_class: 'DirWriter',
72 error   fstream_stack:
72 error    [ '/usr/lib/node_modules/npm/node_modules/fstream/lib/dir-writer.js:36:23',
72 error      '/usr/lib/node_modules/npm/node_modules/mkdirp/index.js:46:53',
72 error      'Object.oncomplete (fs.js:107:15)' ] }
73 error Please try running this command again as root/Administrator.
74 verbose exit [ 3, true ]
75 verbose unbuild lib/node_modules/pm2
76 verbose gentlyRm vacuuming /usr/lib/node_modules/pm2
